<?xml version="1.0" encoding="UTF-8"?>
<!-- Generated by org.testng.reporters.JUnitXMLReporter -->
<testsuite ignored="0" hostname="FC-Shivam.Chaurasi" failures="1" tests="5" name="LocalTest" time="167.887" errors="0" timestamp="2021-09-14T11:21:33 IST">
  <testcase classname="com.fancode.shop.qa.testcase.ShopHomePageTest" name="clickCarouselBannerTest" time="12.634">
    <failure type="java.lang.AssertionError" message="expected [true] but found [false]">
      <![CDATA[java.lang.AssertionError: expected [true] but found [false]
at com.fancode.shop.qa.testcase.ShopHomePageTest.clickCarouselBannerTest(ShopHomePageTest.java:76)
at java.base/java.util.ArrayList.forEach(ArrayList.java:1511)
... Removed 34 stack frames]]>
    </failure>
  </testcase> <!-- clickCarouselBannerTest -->
  <testcase classname="com.fancode.shop.qa.testcase.ShopHomePageTest" name="hamburgerMenuOnClickTest" time="15.589"/>
  <testcase classname="com.fancode.shop.qa.testcase.ShopHomePageTest" name="hamburgerMenuOnCloseClickTest" time="11.196"/>
  <testcase classname="com.fancode.shop.qa.testcase.ShopHomePageTest" name="shopCartOnClickTest" time="11.438"/>
  <testcase classname="com.fancode.shop.qa.testcase.ShopHomePageTest" name="shopCartOnCloseClickTest" time="11.392"/>
</testsuite> <!-- LocalTest -->
