<?xml version="1.0" encoding="UTF-8"?>
<!-- Generated by org.testng.reporters.JUnitXMLReporter -->
<testsuite ignored="0" hostname="FC-Shivam.Chaurasi" failures="2" tests="3" name="SingleTestEnv2" time="65.938" errors="0" timestamp="2021-09-16T18:28:26 IST">
  <testcase classname="com.fancode.shop.qa.testcase.FancodeHomePageTest" name="fancodeHomePageTitleTest" time="6.208"/>
  <testcase classname="com.fancode.shop.qa.testcase.FancodeHomePageTest" name="shopImageVisibilityTest" time="3.391">
    <failure type="java.lang.NullPointerException" message="Cannot invoke &amp;quot;org.openqa.selenium.WebElement.isDisplayed()&amp;quot; because &amp;quot;this.shopButton&amp;quot; is null">
      <![CDATA[java.lang.NullPointerException: Cannot invoke "org.openqa.selenium.WebElement.isDisplayed()" because "this.shopButton" is null
at com.fancode.shop.qa.testcase.FancodeHomePageTest.shopImageVisibilityTest(FancodeHomePageTest.java:37)
at java.base/java.util.ArrayList.forEach(ArrayList.java:1511)
at java.base/java.util.concurrent.FutureTask.run(FutureTask.java:264)
at java.base/java.util.concurrent.ThreadPoolExecutor.runWorker(ThreadPoolExecutor.java:1130)
at java.base/java.util.concurrent.ThreadPoolExecutor$Worker.run(ThreadPoolExecutor.java:630)
at java.base/java.lang.Thread.run(Thread.java:831)
... Removed 18 stack frames]]>
    </failure>
  </testcase> <!-- shopImageVisibilityTest -->
  <testcase classname="com.fancode.shop.qa.testcase.FancodeHomePageTest" name="shopOnClickTest" time="0.0">
    <failure type="java.lang.NullPointerException" message="Cannot invoke &amp;quot;org.openqa.selenium.WebElement.click()&amp;quot; because &amp;quot;this.shopButton&amp;quot; is null">
      <![CDATA[java.lang.NullPointerException: Cannot invoke "org.openqa.selenium.WebElement.click()" because "this.shopButton" is null
at com.fancode.shop.qa.testcase.FancodeHomePageTest.shopOnClickTest(FancodeHomePageTest.java:44)
at java.base/java.util.ArrayList.forEach(ArrayList.java:1511)
at java.base/java.util.concurrent.FutureTask.run(FutureTask.java:264)
at java.base/java.util.concurrent.ThreadPoolExecutor.runWorker(ThreadPoolExecutor.java:1130)
at java.base/java.util.concurrent.ThreadPoolExecutor$Worker.run(ThreadPoolExecutor.java:630)
at java.base/java.lang.Thread.run(Thread.java:831)
... Removed 18 stack frames]]>
    </failure>
  </testcase> <!-- shopOnClickTest -->
</testsuite> <!-- SingleTestEnv2 -->
